<?xml version="1.0" encoding="UTF-8"?>
<!-- Generated by org.testng.reporters.JUnitReportReporter -->
<testsuite hostname="DESKTOP-KQ0EMK1" failures="0" tests="1" name="tests.AddNewCustomerTest" time="121.367" errors="0" timestamp="2024-03-02T10:31:12 CST" skipped="0">
  <testcase classname="tests.AddNewCustomerTest" name="userShuldBeAbleToAddNewCustomer" time="121.367"/>
  <system-out/>
</testsuite> <!-- tests.AddNewCustomerTest -->
