<?xml version="1.0" encoding="UTF-8"?>
<!-- Generated by org.testng.reporters.JUnitReportReporter -->
<testsuite hostname="DESKTOP-KQ0EMK1" failures="0" tests="1" name="tests.LoginTest" time="21.438" errors="0" timestamp="2024-03-02T10:27:46 CST" skipped="0">
  <testcase classname="tests.LoginTest" name="validUserShouldBeAbleToLogIn" time="21.438"/>
  <system-out/>
</testsuite> <!-- tests.LoginTest -->
